This is pdfTeX, Version 3.1415926-2.5-1.40.14 (TeX Live 2013/Debian) (format=latex 2015.12.14)  25 AUG 2016 07:26
entering extended mode
 restricted \write18 enabled.
 %&-line parsing enabled.
**\nonstopmode \input{/home/chianti/maranget/diy7/herdtools/diy/doc/diy.tex}
(/home/chianti/maranget/diy7/herdtools/diy/doc/diy.tex
(/usr/share/texlive/texmf-dist/tex/latex/base/article.cls
Document Class: article 2007/10/19 v1.4h Standard LaTeX document class
(/usr/share/texlive/texmf-dist/tex/latex/base/size10.clo
File: size10.clo 2007/10/19 v1.4h Standard LaTeX file (size option)
)
\c@part=\count79
\c@section=\count80
\c@subsection=\count81
\c@subsubsection=\count82
\c@paragraph=\count83
\c@subparagraph=\count84
\c@figure=\count85
\c@table=\count86
\abovecaptionskip=\skip41
\belowcaptionskip=\skip42
\bibindent=\dimen102
)
(/usr/share/texlive/texmf-dist/tex/latex/ntgclass/a4.sty
Package: a4 2004/04/15 v1.2g A4 based page layout
)
(/usr/share/texlive/texmf-dist/tex/latex/preprint/fullpage.sty
Package: fullpage 1999/02/23 1.1 (PWD)
\FP@margin=\skip43
)
(/usr/share/texlive/texmf-dist/tex/latex/base/fontenc.sty
Package: fontenc 2005/09/27 v1.99g Standard LaTeX package

(/usr/share/texlive/texmf-dist/tex/latex/base/t1enc.def
File: t1enc.def 2005/09/27 v1.99g Standard LaTeX file
LaTeX Font Info:    Redeclaring font encoding T1 on input line 43.
))
(/usr/share/texlive/texmf-dist/tex/latex/url/url.sty
\Urlmuskip=\muskip10
Package: url 2013/09/16  ver 3.4  Verb mode for urls, etc.
)
(/home/chianti/maranget/diy7/herdtools/diy/doc/hevea.sty
Package: hevea 2002/01/11

(/usr/share/texlive/texmf-dist/tex/latex/comment/comment.sty
\CommentStream=\write3

Excluding comment 'comment')
\c@cuttingdepth=\count87
 Excluding comment 'rawhtml'
Excluding comment 'htmlonly'
\@bgcolorbin=\box26
)
(/usr/share/texlive/texmf-dist/tex/latex/moreverb/moreverb.sty
Package: moreverb 2008/06/03 v2.3a `more' verbatim facilities

(/usr/share/texlive/texmf-dist/tex/latex/tools/verbatim.sty
Package: verbatim 2003/08/22 v1.5q LaTeX2e package for verbatim enhancements
\every@verbatim=\toks14
\verbatim@line=\toks15
\verbatim@in@stream=\read1
)
\tab@position=\count88
\tab@size=\count89
\listing@line=\count90
)
(/usr/share/texlive/texmf-dist/tex/latex/graphics/graphicx.sty
Package: graphicx 1999/02/16 v1.0f Enhanced LaTeX Graphics (DPC,SPQR)

(/usr/share/texlive/texmf-dist/tex/latex/graphics/keyval.sty
Package: keyval 1999/03/16 v1.13 key=value parser (DPC)
\KV@toks@=\toks16
)
(/usr/share/texlive/texmf-dist/tex/latex/graphics/graphics.sty
Package: graphics 2009/02/05 v1.0o Standard LaTeX Graphics (DPC,SPQR)

(/usr/share/texlive/texmf-dist/tex/latex/graphics/trig.sty
Package: trig 1999/03/16 v1.09 sin cos tan (DPC)
)
(/etc/texmf/tex/latex/config/graphics.cfg
File: graphics.cfg 2009/08/28 v1.8 graphics configuration of TeX Live
)
Package graphics Info: Driver file: dvips.def on input line 91.

(/usr/share/texlive/texmf-dist/tex/latex/graphics/dvips.def
File: dvips.def 1999/02/16 v3.0i Driver-dependant file (DPC,SPQR)
))
\Gin@req@height=\dimen103
\Gin@req@width=\dimen104
)
(/usr/share/texlive/texmf-dist/tex/latex/graphics/color.sty
Package: color 2005/11/14 v1.0j Standard LaTeX Color (DPC)

(/etc/texmf/tex/latex/config/color.cfg
File: color.cfg 2007/01/18 v1.5 color configuration of teTeX/TeXLive
)
Package color Info: Driver file: dvips.def on input line 130.

(/usr/share/texlive/texmf-dist/tex/latex/graphics/dvipsnam.def
File: dvipsnam.def 1999/02/16 v3.0i Driver-dependant file (DPC,SPQR)
))
(/home/chianti/maranget/diy7/herdtools/diy/doc/macros.sty
(/home/chianti/maranget/diy7/herdtools/diy/doc/common.tex
(/home/chianti/maranget/diy7/herdtools/diy/doc/version.tex)
(/usr/share/texlive/texmf-dist/tex/latex/tools/xspace.sty
Package: xspace 2009/10/20 v1.13 Space after command names (DPC,MH)
)
\fmtlength=\skip44
))
(/usr/share/texlive/texmf-dist/tex/latex/amsmath/amsmath.sty
Package: amsmath 2013/01/14 v2.14 AMS math features
\@mathmargin=\skip45

For additional information on amsmath, use the `?' option.
(/usr/share/texlive/texmf-dist/tex/latex/amsmath/amstext.sty
Package: amstext 2000/06/29 v2.01

(/usr/share/texlive/texmf-dist/tex/latex/amsmath/amsgen.sty
File: amsgen.sty 1999/11/30 v2.0
\@emptytoks=\toks17
\ex@=\dimen105
))
(/usr/share/texlive/texmf-dist/tex/latex/amsmath/amsbsy.sty
Package: amsbsy 1999/11/29 v1.2d
\pmbraise@=\dimen106
)
(/usr/share/texlive/texmf-dist/tex/latex/amsmath/amsopn.sty
Package: amsopn 1999/12/14 v2.01 operator names
)
\inf@bad=\count91
LaTeX Info: Redefining \frac on input line 210.
\uproot@=\count92
\leftroot@=\count93
LaTeX Info: Redefining \overline on input line 306.
\classnum@=\count94
\DOTSCASE@=\count95
LaTeX Info: Redefining \ldots on input line 378.
LaTeX Info: Redefining \dots on input line 381.
LaTeX Info: Redefining \cdots on input line 466.
\Mathstrutbox@=\box27
\strutbox@=\box28
\big@size=\dimen107
LaTeX Font Info:    Redeclaring font encoding OML on input line 566.
LaTeX Font Info:    Redeclaring font encoding OMS on input line 567.
\macc@depth=\count96
\c@MaxMatrixCols=\count97
\dotsspace@=\muskip11
\c@parentequation=\count98
\dspbrk@lvl=\count99
\tag@help=\toks18
\row@=\count100
\column@=\count101
\maxfields@=\count102
\andhelp@=\toks19
\eqnshift@=\dimen108
\alignsep@=\dimen109
\tagshift@=\dimen110
\tagwidth@=\dimen111
\totwidth@=\dimen112
\lineht@=\dimen113
\@envbody=\toks20
\multlinegap=\skip46
\multlinetaggap=\skip47
\mathdisplay@stack=\toks21
LaTeX Info: Redefining \[ on input line 2665.
LaTeX Info: Redefining \] on input line 2666.
)
(/usr/share/texlive/texmf-dist/tex/latex/amsfonts/amssymb.sty
Package: amssymb 2013/01/14 v3.01 AMS font symbols

(/usr/share/texlive/texmf-dist/tex/latex/amsfonts/amsfonts.sty
Package: amsfonts 2013/01/14 v3.01 Basic AMSFonts support
\symAMSa=\mathgroup4
\symAMSb=\mathgroup5
LaTeX Font Info:    Overwriting math alphabet `\mathfrak' in version `bold'
(Font)                  U/euf/m/n --> U/euf/b/n on input line 106.
))
(/usr/share/texlive/texmf-dist/tex/latex/tools/array.sty
Package: array 2008/09/09 v2.4c Tabular extension package (FMi)
\col@sep=\dimen114
\extrarowheight=\dimen115
\NC@list=\toks22
\extratabsurround=\skip48
\backup@length=\skip49
)
(/home/chianti/maranget/diy7/herdtools/diy/doc/syntaxdef.sty) (./diy.aux)
\openout1 = `diy.aux'.

LaTeX Font Info:    Checking defaults for OML/cmm/m/it on input line 22.
LaTeX Font Info:    ... okay on input line 22.
LaTeX Font Info:    Checking defaults for T1/cmr/m/n on input line 22.
LaTeX Font Info:    ... okay on input line 22.
LaTeX Font Info:    Checking defaults for OT1/cmr/m/n on input line 22.
LaTeX Font Info:    ... okay on input line 22.
LaTeX Font Info:    Checking defaults for OMS/cmsy/m/n on input line 22.
LaTeX Font Info:    ... okay on input line 22.
LaTeX Font Info:    Checking defaults for OMX/cmex/m/n on input line 22.
LaTeX Font Info:    ... okay on input line 22.
LaTeX Font Info:    Checking defaults for U/cmr/m/n on input line 22.
LaTeX Font Info:    ... okay on input line 22.
LaTeX Font Info:    Try loading font information for T1+cmss on input line 23.

(/usr/share/texlive/texmf-dist/tex/latex/base/t1cmss.fd
File: t1cmss.fd 1999/05/25 v2.5h Standard LaTeX font definitions
)
LaTeX Font Info:    Try loading font information for U+msa on input line 23.

(/usr/share/texlive/texmf-dist/tex/latex/amsfonts/umsa.fd
File: umsa.fd 2013/01/14 v3.01 AMS symbols A
)
LaTeX Font Info:    Try loading font information for U+msb on input line 23.

(/usr/share/texlive/texmf-dist/tex/latex/amsfonts/umsb.fd
File: umsb.fd 2013/01/14 v3.01 AMS symbols B
)
LaTeX Font Info:    Try loading font information for T1+cmtt on input line 42.

(/usr/share/texlive/texmf-dist/tex/latex/base/t1cmtt.fd
File: t1cmtt.fd 1999/05/25 v2.5h Standard LaTeX font definitions
)
Excluding 'htmlonly' comment. (./diy.toc [1

] [2])
\tf@toc=\write4
\openout4 = `diy.toc'.

 [3]
(/home/chianti/maranget/diy7/herdtools/diy/doc/litmus.tex
File: SB.litmus  (verbatim)
 [4

]
File: SB-PPC.litmus  (verbatim)

Overfull \hbox (7.87834pt too wide) in paragraph at lines 104--104
[]\T1/cmtt/m/n/10 comp.sh  Makefile  outs.c  outs.h  README.txt  run.sh  SB-PPC
.c  show.awk  utils.c  utils.h[] 
 []

[5]
File: STFW-PPC.litmus  (verbatim)
 [6]
Overfull \hbox (26.9329pt too wide) in paragraph at lines 196--201
[]\T1/cmr/m/n/10 Sometimes one looks for a par-tic-u-lar out-come --- for in-st
ance, one may seek to get the out-come []\T1/cmtt/m/n/10 0:r3=1; 1:r3=1;
 []

LaTeX Font Info:    Try loading font information for OMS+cmr on input line 210.

(/usr/share/texlive/texmf-dist/tex/latex/base/omscmr.fd
File: omscmr.fd 1999/05/25 v2.5h Standard LaTeX font definitions
)
LaTeX Font Info:    Font shape `OMS/cmr/m/n' in size <10> not available
(Font)              Font shape `OMS/cmsy/m/n' tried instead on input line 210.
 [7] [8]
File: ppc-iriw-lwsync.litmus  (verbatim)
 [9] [10]
[11]
File: m1l-time.eps Graphic file (type eps)
 <m1l-time.eps> [12] [13] [14]
File: IRIW+lwsyncs.litmus  (verbatim)
 [15]
Overfull \hbox (233.57323pt too wide) in paragraph at lines 756--756
[]\T1/cmtt/m/n/10 IRIW+lwsyncs: n=1, r=1000, s=1000, +rm, +ca, p='0,1,2,3,4,5,6
,7,8,9,10,11,12,13,14,15,16,17,18,19,20,21,22,23,24,25,26,27,28,29,30,31'[] 
 []

[16]
Overfull \hbox (233.57323pt too wide) in paragraph at lines 815--815
[]\T1/cmtt/m/n/10 IRIW+lwsyncs: n=1, r=1000, s=1000, +rm, i=0, p='0,1,2,3,4,5,6
,7,8,9,10,11,12,13,14,15,16,17,18,19,20,21,22,23,24,25,26,27,28,29,30,31'[] 
 []

[17]
Overfull \hbox (6.46202pt too wide) in paragraph at lines 885--890
 \T1/cmr/bx/n/10 Affin-ity[] \T1/cmr/m/n/10 If affin-ity con-trol has been en-a
bled at com-pi-la-tion time (for in-stance, by sup-ply-ing op-tion \T1/cmtt/m/n
/10 -affinity
 []

File: 6.SB.litmus  (verbatim)
[18] (/home/chianti/maranget/diy7/herdtools/diy/doc/6.SB.pstex_t
File: 6.SB.pstex Graphic file (type eps)
 <6.SB.pstex>)
Overfull \hbox (58.49109pt too wide) in paragraph at lines 3--950
 [][] 
 []


Overfull \hbox (44.61937pt too wide) in paragraph at lines 977--977
[]\T1/cmtt/m/n/10 Condition exists (0:EAX=0 /\ 1:EAX=0 /\ 2:EAX=0 /\ 3:EAX=0 /\
 4:EAX=0 /\ 5:EAX=0) is NOT validated[] 
 []

[19]
Overfull \hbox (23.6245pt too wide) in paragraph at lines 1024--1024
[]\T1/cmtt/m/n/10 Condition exists (0:EAX=0 /\ 1:EAX=0 /\ 2:EAX=0 /\ 3:EAX=0 /\
 4:EAX=0 /\ 5:EAX=0) is validated[] 
 []

[20] [21] [22] [23] [24] [25] [26]
Overfull \hbox (17.8401pt too wide) in paragraph at lines 1591--1598
[]\T1/cmr/m/n/10 Specify how ``close'' log-i-cal pro-ces-sors are num-bered, de
-fault is \T1/cmtt/m/n/10 none\T1/cmr/m/n/10 . In mode ``\T1/cmtt/m/n/10 end\T1
/cmr/m/n/10 '',
 []


Overfull \hbox (23.48686pt too wide) in paragraph at lines 1618--1620
[]\T1/cmr/m/n/10 Set \T1/cmss/m/n/10 gcc \T1/cmr/m/n/10 com-pi-la-tion flags (d
e-faults: X86=\T1/cmtt/m/n/10 "-fomit-frame-pointer -O2"\T1/cmr/m/n/10 , PPC/AR
M=\T1/cmtt/m/n/10 "-O2"\T1/cmr/m/n/10 ). 
 []

[27]
Overfull \hbox (42.7772pt too wide) in paragraph at lines 1690--1690
[]\T1/cmtt/m/n/10 SB+SC "forall (0:EAX=1 \/ 1:EAX=1)"[] 
 []

[28] [29]
File: hpcx.cfg  (verbatim)
) [30] (/home/chianti/maranget/diy7/herdtools/diy/doc/gen.tex
File: SB-labelled.litmus  (verbatim)
 [31

]
(/home/chianti/maranget/diy7/herdtools/diy/doc/classic-sc.pstex_t
File: classic-sc.pstex Graphic file (type eps)

<classic-sc.pstex>)
(/home/chianti/maranget/diy7/herdtools/diy/doc/classic.pstex_t
File: classic.pstex Graphic file (type eps)
 <classic.pstex>) [32] [33] (/home/chianti/maranget/diy7/herdtools/diy/doc/ws-s
c.pstex_t
File: ws-sc.pstex Graphic file (type eps)

<ws-sc.pstex>)
File: x86-2+2W.litmus  (verbatim)

(/home/chianti/maranget/diy7/herdtools/diy/doc/iriw-small-caps.pstex_t
File: iriw-small-caps.pstex Graphic file (type eps)

<iriw-small-caps.pstex>)
(/home/chianti/maranget/diy7/herdtools/diy/doc/iriw-internal.pstex_t
File: iriw-internal.pstex Graphic file (type eps)

<iriw-internal.pstex>)
File: iriw.litmus  (verbatim)
File: iriw-internal.litmus  (verbatim)

Overfull \hbox (7.40628pt too wide) in paragraph at lines 236--239
 [] 
 []

[34] [35] [36] [37]
File: x86-safe.conf  (verbatim)

Overfull \hbox (43.62218pt too wide) in paragraph at lines 447--450
[]\T1/cmr/m/n/10 Here are the con-fig-u-ra-tion files for con-firm-ing that Rfi
 and PodWR are re-laxed, \T1/cmtt/m/n/10 x86-rfi.conf \T1/cmr/m/n/10 and \T1/cm
tt/m/n/10 x86-podwr.conf\T1/cmr/m/n/10 . 
 []

File: x86-rfi.conf  (verbatim)
File: x86-podwr.conf  (verbatim)

Overfull \hbox (0.52736pt too wide) in paragraph at lines 453--453
[]\T1/cmtt/m/n/9 #podrw x86 conf file 
 []

[38] [39] [40] [41]
Overfull \hbox (2.62962pt too wide) in paragraph at lines 669--669
[] \T1/cmtt/m/n/10 P0           | P1           | P2           | P3           | 
P4           | P5           ;[] 
 []


Overfull \hbox (2.62962pt too wide) in paragraph at lines 670--670
[] \T1/cmtt/m/n/10 lwz r1,0(r2) | li r1,1      | lwz r1,0(r2) | li r1,1      | 
lwz r1,0(r2) | li r1,1      ;[] 
 []


Overfull \hbox (2.62962pt too wide) in paragraph at lines 671--671
[] \T1/cmtt/m/n/10 lwsync       | stw r1,0(r2) | lwsync       | stw r1,0(r2) | 
lwsync       | stw r1,0(r2) ;[] 
 []


Overfull \hbox (2.62962pt too wide) in paragraph at lines 672--672
[] \T1/cmtt/m/n/10 lwz r3,0(r4) |              | lwz r3,0(r4) |              | 
lwz r3,0(r4) |              ;[] 
 []

(/home/chianti/maranget/diy7/herdtools/diy/doc/DetourR.pstex_t
File: DetourR.pstex Graphic file (type eps)
 <DetourR.pstex>) (/home/chianti/maranget/diy7/herdtools/diy/doc/DetourW.pstex_
t
File: DetourW.pstex Graphic file (type eps)

<DetourW.pstex>)
(/home/chianti/maranget/diy7/herdtools/diy/doc/DetourRW.pstex_t
File: DetourRW.pstex Graphic file (type eps)

<DetourRW.pstex>)
(/home/chianti/maranget/diy7/herdtools/diy/doc/DetourWW.pstex_t
File: DetourWW.pstex Graphic file (type eps)

<DetourWW.pstex>) [42] [43] [44]
(/home/chianti/maranget/diy7/herdtools/diy/doc/2+2WLocal+DOT.pstex_t
File: 2+2WLocal+DOT.pstex Graphic file (type eps)

<2+2WLocal+DOT.pstex>) [45] [46]
Overfull \hbox (126.70065pt too wide) in paragraph at lines 962--969
 [] 
 []

[47] [48] (/home/chianti/maranget/diy7/herdtools/diy/doc/WRC.pstex_t
File: WRC.pstex Graphic file (type eps)

<WRC.pstex>)
(/home/chianti/maranget/diy7/herdtools/diy/doc/MP+lwsync+addr.pstex_t
File: MP+lwsync+addr.pstex Graphic file (type eps)

<MP+lwsync+addr.pstex>)
(/home/chianti/maranget/diy7/herdtools/diy/doc/LB+lwsync+addr.pstex_t
File: LB+lwsync+addr.pstex Graphic file (type eps)

<LB+lwsync+addr.pstex>) [49]
Overfull \hbox (8.86pt too wide) in paragraph at lines 1155--1164
\T1/cmr/m/n/10 names to all tests. For in-stance, ``LwSyncdWW Rfe DpAd-drdW Pod
WR Fre'' is also named \T1/cmss/bx/n/10 MP+lwsync+addr-
 []

(/home/chianti/maranget/diy7/herdtools/diy/doc/MP+lwsync+addr-po.pstex_t
File: MP+lwsync+addr-po.pstex Graphic file (type eps)

<MP+lwsync+addr-po.pstex>)
(/home/chianti/maranget/diy7/herdtools/diy/doc/MP+lwsync+addr-po001.pstex_t
File: MP+lwsync+addr-po001.pstex Graphic file (type eps)

<MP+lwsync+addr-po001.pstex>) [50] [51] [52] [53]
File: X.conf  (verbatim)
 [54] [55]) [56]
(/home/chianti/maranget/diy7/herdtools/diy/doc/herd.tex
File: sc.cat  (verbatim)
 [57

]
(/home/chianti/maranget/diy7/herdtools/diy/doc/SB-00.pstex_t
File: SB-00.pstex Graphic file (type eps)
 <SB-00.pstex>)
(/home/chianti/maranget/diy7/herdtools/diy/doc/SB-01.pstex_t
File: SB-01.pstex Graphic file (type eps)
 <SB-01.pstex>)
(/home/chianti/maranget/diy7/herdtools/diy/doc/SB-02.pstex_t
File: SB-02.pstex Graphic file (type eps)
 <SB-02.pstex>)
(/home/chianti/maranget/diy7/herdtools/diy/doc/SB-03.pstex_t
File: SB-03.pstex Graphic file (type eps)
 <SB-03.pstex>)
(/home/chianti/maranget/diy7/herdtools/diy/doc/SB+SC.pstex_t
File: SB+SC.pstex Graphic file (type eps)
 <SB+SC.pstex>)
[58]
File: tso-00.cat  (verbatim)
 [59] (/home/chianti/maranget/diy7/herdtools/diy/doc/SB+TSO.pstex_t
File: SB+TSO.pstex Graphic file (type eps)

<SB+TSO.pstex>)
(/home/chianti/maranget/diy7/herdtools/diy/doc/SB+rfi-pos.pstex_t
File: SB+rfi-pos.pstex Graphic file (type eps)

<SB+rfi-pos.pstex>) [60] [61]
(/home/chianti/maranget/diy7/herdtools/diy/doc/SB+rfi-pos+TER.pstex_t
File: SB+rfi-pos+TER.pstex Graphic file (type eps)

<SB+rfi-pos+TER.pstex>) [62]
File: tso-01.cat  (verbatim)

(/home/chianti/maranget/diy7/herdtools/diy/doc/SB+rfi-pos+BIS.pstex_t
File: SB+rfi-pos+BIS.pstex Graphic file (type eps)

<SB+rfi-pos+BIS.pstex>) [63]
(/home/chianti/maranget/diy7/herdtools/diy/doc/SB+mfences.pstex_t
File: SB+mfences.pstex Graphic file (type eps)

<SB+mfences.pstex>) [64]
File: CoRWR.litmus  (verbatim)

(/home/chianti/maranget/diy7/herdtools/diy/doc/CoRWR.pstex_t
File: CoRWR.pstex Graphic file (type eps)
 <CoRWR.pstex>)
[65]
File: tso-02.cat  (verbatim)
 [66] [67] (/home/chianti/maranget/diy7/herdtools/diy/doc/SB+L-00.pstex_t
File: SB+L-00.pstex Graphic file (type eps)

<SB+L-00.pstex>) (/home/chianti/maranget/diy7/herdtools/diy/doc/SB+L-01.pstex_t
File: SB+L-01.pstex Graphic file (type eps)
<SB+L-01.pstex>) (/home/chianti/maranget/diy7/herdtools/diy/doc/SB+L-02.pstex_t
File: SB+L-02.pstex Graphic file (type eps)
<SB+L-02.pstex>) (/home/chianti/maranget/diy7/herdtools/diy/doc/SB+L-03.pstex_t
File: SB+L-03.pstex Graphic file (type eps)
<SB+L-03.pstex>) (/home/chianti/maranget/diy7/herdtools/diy/doc/SB+L-04.pstex_t
File: SB+L-04.pstex Graphic file (type eps)
<SB+L-04.pstex>) (/home/chianti/maranget/diy7/herdtools/diy/doc/SB+L-05.pstex_t
File: SB+L-05.pstex Graphic file (type eps)
<SB+L-05.pstex>)

LaTeX Warning: Float too large for page by 1394.04668pt on input line 432.

(/home/chianti/maranget/diy7/herdtools/diy/doc/SB+OK-00.pstex_t
File: SB+OK-00.pstex Graphic file (type eps)

<SB+OK-00.pstex>)
(/home/chianti/maranget/diy7/herdtools/diy/doc/SB+OK-01.pstex_t
File: SB+OK-01.pstex Graphic file (type eps)

<SB+OK-01.pstex>)
(/home/chianti/maranget/diy7/herdtools/diy/doc/SB+OK-02.pstex_t
File: SB+OK-02.pstex Graphic file (type eps)

<SB+OK-02.pstex>)
(/home/chianti/maranget/diy7/herdtools/diy/doc/SB+OK-03.pstex_t
File: SB+OK-03.pstex Graphic file (type eps)

<SB+OK-03.pstex>)
(/home/chianti/maranget/diy7/herdtools/diy/doc/SB+OK-04.pstex_t
File: SB+OK-04.pstex Graphic file (type eps)

<SB+OK-04.pstex>)
(/home/chianti/maranget/diy7/herdtools/diy/doc/SB+OK-05.pstex_t
File: SB+OK-05.pstex Graphic file (type eps)

<SB+OK-05.pstex>)

LaTeX Warning: Float too large for page by 733.94768pt on input line 443.

File: lamport.cat  (verbatim)
[68] [69] [70] [71] [72]
(/home/chianti/maranget/diy7/herdtools/diy/doc/SB+CLUSTER.pstex_t
File: SB+CLUSTER.pstex Graphic file (type eps)

<SB+CLUSTER.pstex>)
Overfull \hbox (35.18346pt too wide) in paragraph at lines 3--687
 [][] 
 []

[73] [74] (/home/chianti/maranget/diy7/herdtools/diy/doc/SB+TSO.pstex_t
File: SB+TSO.pstex Graphic file (type eps)

<SB+TSO.pstex>)
(/home/chianti/maranget/diy7/herdtools/diy/doc/SB+SQUISHED.pstex_t
File: SB+SQUISHED.pstex Graphic file (type eps)

<SB+SQUISHED.pstex>)
Overfull \hbox (276.68307pt too wide) in paragraph at lines 3--725
[]|[][]| 
 []

(/home/chianti/maranget/diy7/herdtools/diy/doc/SB+FREE.pstex_t
File: SB+FREE.pstex Graphic file (type eps)
 <SB+FREE.pstex>)
Overfull \hbox (92.39017pt too wide) in paragraph at lines 3--726
[]|[][]| 
 []

(/home/chianti/maranget/diy7/herdtools/diy/doc/SB+COLUMNS.pstex_t
File: SB+COLUMNS.pstex Graphic file (type eps)

<SB+COLUMNS.pstex>)
Overfull \hbox (422.43106pt too wide) in paragraph at lines 3--728
[]|[][]| 
 []

[75] [76] (/home/chianti/maranget/diy7/herdtools/diy/doc/SB+mfences.pstex_t
File: SB+mfences.pstex Graphic file (type eps)

<SB+mfences.pstex>)
(/home/chianti/maranget/diy7/herdtools/diy/doc/SB+mfences+GHB.pstex_t
File: SB+mfences+GHB.pstex Graphic file (type eps)

<SB+mfences+GHB.pstex>) [77]
Overfull \hbox (65.61424pt too wide) in paragraph at lines 805--805
[]\T1/cmtt/m/n/10 % herd7 -skipcheck tso -model tso-02.cat -conf doc.cfg -show 
prop -graph cluster -gv SB+mfences.litmus 
 []


Overfull \hbox (49.86809pt too wide) in paragraph at lines 806--806
[]\T1/cmtt/m/n/10 % herd7 -skipcheck tso -model tso-02.cat -conf doc.cfg -show 
prop -graph free -gv SB+mfences.litmus[] 
 []

(/home/chianti/maranget/diy7/herdtools/diy/doc/SB+mfences+CLUSTER.pstex_t
File: SB+mfences+CLUSTER.pstex Graphic file (type eps)

<SB+mfences+CLUSTER.pstex>)
Overfull \hbox (70.34734pt too wide) in paragraph at lines 3--812
[]|[][]| 
 []

(/home/chianti/maranget/diy7/herdtools/diy/doc/SB+mfences+FREE.pstex_t
File: SB+mfences+FREE.pstex Graphic file (type eps)

<SB+mfences+FREE.pstex>)
Overfull \hbox (86.00621pt too wide) in paragraph at lines 3--814
[]|[][]| 
 []

[78] [79]
Underfull \hbox (badness 10000) in paragraph at lines 897--898
[]|\T1/cmr/m/n/10 read-modify-write
 []


Underfull \hbox (badness 1527) in paragraph at lines 929--929
[]|\T1/cmr/m/n/10 read-exclusive write-
 []

[80] [81]

LaTeX Warning: Reference `sec:bell' on page 82 undefined on input line 1005.


Overfull \hbox (58.16742pt too wide) in paragraph at lines 1017--1026
\T1/cmr/m/n/10 Explicit sets are writ-ten as the comma sep-a-rated list of thei
r el-e-ments be-tween curly braces: $[] [][] [] [][] [] [] [] [][] []$,
 []

[82] [83] [84] [85] [86]
Overfull \hbox (30.22664pt too wide) in paragraph at lines 1377--1385
\T1/cmr/m/n/10 This con-struct per-mits the ex-ten-sion of the cur-rent can-di-
date ex-e-cu-tion by one bind-ing. Syn-tax is $[] [] [] []$.
 []

[87] [88]
Underfull \hbox (badness 1960) in paragraph at lines 1558--1558
[]|\T1/cmr/m/n/10 internal com-mu-ni-ca-
 []

[89] [90] [91]
LaTeX Font Info:    Font shape `T1/cmtt/bx/n' in size <10> not available
(Font)              Font shape `T1/cmtt/m/n' tried instead on input line 1789.
 [92] [93]
File: apoil.cfg  (verbatim)
 [94]
(/home/chianti/maranget/diy7/herdtools/diy/doc/IRIW+lwsyncs+APOIL.pstex_t
File: IRIW+lwsyncs+APOIL.pstex Graphic file (type eps)

<IRIW+lwsyncs+APOIL.pstex>)
(/home/chianti/maranget/diy7/herdtools/diy/doc/IRIW+syncs+APOIL.pstex_t
File: IRIW+syncs+APOIL.pstex Graphic file (type eps)

<IRIW+syncs+APOIL.pstex>) [95] [96]) [97]
(/home/chianti/maranget/diy7/herdtools/diy/doc/examples.tex
File: tst-x86/X.conf  (verbatim)
File: x86-64.cfg  (verbatim)
 [98

]
Overfull \hbox (23.6245pt too wide) in paragraph at lines 59--59
[]\T1/cmtt/m/n/10 gcc -Wall -std=gnu99 -fomit-frame-pointer -O2 -m64 -pthread  
-o X005.exe outs.o utils.o X005.s[] 
 []


Overfull \hbox (23.6245pt too wide) in paragraph at lines 60--60
[]\T1/cmtt/m/n/10 gcc -Wall -std=gnu99 -fomit-frame-pointer -O2 -m64 -pthread  
-o X006.exe outs.o utils.o X006.s[] 
 []

(/home/chianti/maranget/diy7/herdtools/diy/doc/X86.tex) [99]
(/home/chianti/maranget/diy7/herdtools/diy/doc/X86-SR.tex)
(/home/chianti/maranget/diy7/herdtools/diy/doc/X86-E.tex) [100]
Overfull \hbox (228.32451pt too wide) in paragraph at lines 195--195
[]\T1/cmtt/m/n/10 % diycross7 -name IRIW -o tst-ppc Rfe PodRR,DpAddrdR,LwSyncdR
R,EieiodRR,SyncdRR Fre Rfe PodRR,DpAddrdR,LwSyncdRR,EieiodRR,SyncdRR Fre[] 
 []

File: power7.cfg  (verbatim)
[101]
Overfull \hbox (186.33476pt too wide) in paragraph at lines 244--244
[]\T1/cmtt/m/n/10 IRIW: n=8, r=10, s=1000, st=1, +ca, p='0,1,2,3,4,5,6,7,8,9,10
,11,12,13,14,15,16,17,18,19,20,21,22,23,24,25,26,27,28,29,30,31'[] 
 []

(/home/chianti/maranget/diy7/herdtools/diy/doc/PPC.tex) [102]
(/home/chianti/maranget/diy7/herdtools/diy/doc/LB.pstex_t
File: LB.pstex Graphic file (type eps)
 <LB.pstex>) [103]
Overfull \hbox (186.33476pt too wide) in paragraph at lines 350--350
[]\T1/cmtt/m/n/10 % diycross7 -arch ARM -name LB -o tst-arm PodRW,DpDatadW,DpCt
rldW,ISBdRW,DMBdRW Rfe PodRW,DpDatadW,DpCtrldW,ISBdRW,DMBdRW Rfe[] 
 []

File: tegra3.cfg  (verbatim)
[104]) (./diy.bbl) [105] (./diy.aux)

LaTeX Warning: There were undefined references.

 ) 
Here is how much of TeX's memory you used:
 3085 strings out of 495033
 41624 string characters out of 6181743
 96300 words of memory out of 5000000
 6010 multiletter control sequences out of 15000+600000
 33267 words of font info for 78 fonts, out of 8000000 for 9000
 14 hyphenation exceptions out of 8191
 28i,20n,26p,859b,499s stack positions out of 5000i,500n,10000p,200000b,80000s

Output written on diy.dvi (105 pages, 404264 bytes).
